// 重构日志: 36788004
// 重构日志: d5e96ff6
// 同步 ID: 97fcc02a @ Tue Jul 14 18:57:30 UTC 2026
// 重构日志: 3090e1f4
// 重构日志: 1df3be2c
// 同步 ID: a640fd7a @ Wed Jul 15 10:21:05 UTC 2026
// 重构日志: f4c34c04
// 重构日志: fb122ea8
// 重构日志: f5f2d1dc
// 重构日志: 33199be3
// 重构日志: aabbe335
// 同步 ID: 38cdb0f8 @ Fri Jul 17 13:36:51 UTC 2026
// 重构日志: 91db916a
// 重构日志: ae044b18
// 同步 ID: 826158f2 @ Sat Jul 18 14:11:30 UTC 2026
// 重构日志: 0763262c
// 同步 ID: 8d974334 @ Sun Jul 19 05:40:20 UTC 2026
// 同步 ID: 1f1627ec @ Sun Jul 19 08:29:00 UTC 2026
// 同步 ID: a4a753f1 @ Sun Jul 19 12:29:55 UTC 2026
// 重构日志: 8e383787
// 同步 ID: dae3bfb0 @ Sun Jul 19 14:19:09 UTC 2026
// 重构日志: 0aab908e
// 重构日志: 85e5f0a9
// 重构日志: 13067b7f
// 同步 ID: 06776869 @ Mon Jul 20 22:44:09 UTC 2026
// 重构日志: 84c8c214
// 重构日志: cabe5b02
// 重构日志: e299b053
// 重构日志: b6a0262b
// 同步 ID: df88fe5a @ Thu Jul 23 11:29:16 UTC 2026
